[0.022s] Invoking command in '/home/charbel/mpo500_ws/src/build/robot_controller': CMAKE_PREFIX_PATH=${CMAKE_PREFIX_PATH}:/opt/ros/humble /usr/bin/cmake --build /home/charbel/mpo500_ws/src/build/robot_controller -- -j16 -l16
[0.055s] [35m[1mConsolidate compiler generated dependencies of target robot_controller_node[0m
[0.076s] [ 33%] [32mBuilding CXX object CMakeFiles/robot_controller_node.dir/src/main.cpp.o[0m
[1.506s] In file included from [01m[K/opt/ros/humble/include/rclcpp/rclcpp/client.hpp:40[m[K,
[1.506s]                  from [01m[K/opt/ros/humble/include/rclcpp/rclcpp/callback_group.hpp:24[m[K,
[1.506s]                  from [01m[K/opt/ros/humble/include/rclcpp/rclcpp/any_executable.hpp:20[m[K,
[1.506s]                  from [01m[K/opt/ros/humble/include/rclcpp/rclcpp/memory_strategy.hpp:25[m[K,
[1.506s]                  from [01m[K/opt/ros/humble/include/rclcpp/rclcpp/memory_strategies.hpp:18[m[K,
[1.507s]                  from [01m[K/opt/ros/humble/include/rclcpp/rclcpp/executor_options.hpp:20[m[K,
[1.507s]                  from [01m[K/opt/ros/humble/include/rclcpp/rclcpp/executor.hpp:37[m[K,
[1.507s]                  from [01m[K/opt/ros/humble/include/rclcpp/rclcpp/executors/multi_threaded_executor.hpp:25[m[K,
[1.507s]                  from [01m[K/opt/ros/humble/include/rclcpp/rclcpp/executors.hpp:21[m[K,
[1.507s]                  from [01m[K/opt/ros/humble/include/rclcpp/rclcpp/rclcpp.hpp:155[m[K,
[1.507s]                  from [01m[K/home/charbel/mpo500_ws/src/robot_controller/src/main.cpp:1[m[K:
[1.507s] [01m[K/home/charbel/mpo500_ws/src/robot_controller/src/main.cpp:[m[K In function â€˜[01m[Kint main(int, char**)[m[Kâ€™:
[1.507s] [01m[K/home/charbel/mpo500_ws/src/robot_controller/src/main.cpp:18:17:[m[K [01;31m[Kerror: [m[Kinvalid use of â€˜[01m[Kthis[m[Kâ€™ in non-member function
[1.507s]    18 |     RCLCPP_INFO([01;31m[Kthis[m[K->get_logger(), "New code version is running.");
[1.507s]       |                 [01;31m[K^~~~[m[K
[1.507s] [01m[K/home/charbel/mpo500_ws/src/robot_controller/src/main.cpp:18:17:[m[K [01;31m[Kerror: [m[Kinvalid use of â€˜[01m[Kthis[m[Kâ€™ in non-member function
[1.507s] [01m[K/home/charbel/mpo500_ws/src/robot_controller/src/main.cpp:18:5:[m[K [01;31m[Kerror: [m[Ktemplate argument 1 is invalid
[1.507s]    18 |     [01;31m[KRCLCPP_INFO[m[K(this->get_logger(), "New code version is running.");
[1.507s]       |     [01;31m[K^~~~~~~~~~~[m[K
[1.507s] [01m[K/home/charbel/mpo500_ws/src/robot_controller/src/main.cpp:18:5:[m[K [01;31m[Kerror: [m[Ktemplate argument 1 is invalid
[1.507s]    18 |     [01;31m[KRCLCPP_INFO[m[K(this->get_logger(), "New code version is running.");
[1.507s]       |     [01;31m[K^~~~~~~~~~~[m[K
[1.507s] [01m[K/home/charbel/mpo500_ws/src/robot_controller/src/main.cpp:18:5:[m[K [01;31m[Kerror: [m[Ktemplate argument 1 is invalid
[1.507s]    18 |     [01;31m[KRCLCPP_INFO[m[K(this->get_logger(), "New code version is running.");
[1.507s]       |     [01;31m[K^~~~~~~~~~~[m[K
[1.507s] In file included from [01m[K/opt/ros/humble/include/rclcpp/rclcpp/logging.hpp:24[m[K,
[1.507s]                  from [01m[K/opt/ros/humble/include/rclcpp/rclcpp/client.hpp:40[m[K,
[1.507s]                  from [01m[K/opt/ros/humble/include/rclcpp/rclcpp/callback_group.hpp:24[m[K,
[1.507s]                  from [01m[K/opt/ros/humble/include/rclcpp/rclcpp/any_executable.hpp:20[m[K,
[1.507s]                  from [01m[K/opt/ros/humble/include/rclcpp/rclcpp/memory_strategy.hpp:25[m[K,
[1.507s]                  from [01m[K/opt/ros/humble/include/rclcpp/rclcpp/memory_strategies.hpp:18[m[K,
[1.507s]                  from [01m[K/opt/ros/humble/include/rclcpp/rclcpp/executor_options.hpp:20[m[K,
[1.507s]                  from [01m[K/opt/ros/humble/include/rclcpp/rclcpp/executor.hpp:37[m[K,
[1.507s]                  from [01m[K/opt/ros/humble/include/rclcpp/rclcpp/executors/multi_threaded_executor.hpp:25[m[K,
[1.507s]                  from [01m[K/opt/ros/humble/include/rclcpp/rclcpp/executors.hpp:21[m[K,
[1.507s]                  from [01m[K/opt/ros/humble/include/rclcpp/rclcpp/rclcpp.hpp:155[m[K,
[1.508s]                  from [01m[K/home/charbel/mpo500_ws/src/robot_controller/src/main.cpp:1[m[K:
[1.508s] [01m[K/home/charbel/mpo500_ws/src/robot_controller/src/main.cpp:18:17:[m[K [01;31m[Kerror: [m[Kinvalid use of â€˜[01m[Kthis[m[Kâ€™ in non-member function
[1.508s]    18 |     RCLCPP_INFO([01;31m[Kthis[m[K->get_logger(), "New code version is running.");
[1.508s]       |                 [01;31m[K^~~~[m[K
[1.508s] [01m[K/home/charbel/mpo500_ws/src/robot_controller/src/main.cpp:18:17:[m[K [01;31m[Kerror: [m[Kinvalid use of â€˜[01m[Kthis[m[Kâ€™ in non-member function
[1.508s]    18 |     RCLCPP_INFO([01;31m[Kthis[m[K->get_logger(), "New code version is running.");
[1.508s]       |                 [01;31m[K^~~~[m[K
[1.801s] gmake[2]: *** [CMakeFiles/robot_controller_node.dir/build.make:76: CMakeFiles/robot_controller_node.dir/src/main.cpp.o] Error 1
[1.801s] gmake[1]: *** [CMakeFiles/Makefile2:137: CMakeFiles/robot_controller_node.dir/all] Error 2
[1.801s] gmake: *** [Makefile:146: all] Error 2
[1.804s] Invoked command in '/home/charbel/mpo500_ws/src/build/robot_controller' returned '2': CMAKE_PREFIX_PATH=${CMAKE_PREFIX_PATH}:/opt/ros/humble /usr/bin/cmake --build /home/charbel/mpo500_ws/src/build/robot_controller -- -j16 -l16
